<?xml version="1.0" encoding="UTF-8"?>
<!-- Generated by org.testng.reporters.JUnitReportReporter -->
<testsuite skipped="0" hostname="192-168-1-107.tpgi.com.au" name="com.rest.come.assureNG.OneTest" tests="1" failures="0" timestamp="02 Aug 2019 02:20:00 GMT" time="2.799" errors="0">
  <testcase name="Satyadeep123" time="2.799" classname="com.rest.come.assureNG.OneTest"/>
</testsuite> <!-- com.rest.come.assureNG.OneTest -->
