<?xml version="1.0" encoding="UTF-8"?>
<!-- Generated by org.testng.reporters.JUnitReportReporter -->
<testsuite skipped="0" hostname="192-168-1-107.tpgi.com.au" name="tests.BaseClass" tests="1" failures="0" timestamp="06 Aug 2019 16:01:24 GMT" time="0.006" errors="0">
  <testcase name="SampleTest" time="0.006" classname="tests.BaseClass"/>
</testsuite> <!-- tests.BaseClass -->
